<?xml version="1.0" encoding="UTF-8"?>
<testsuite name="ru.kubsu.telegrambot1.Telegrambot1ApplicationTests" tests="1" skipped="0" failures="0" errors="0" timestamp="2025-03-21T18:50:17.486Z" hostname="pop-os" time="0.999">
  <properties/>
  <testcase name="contextLoads()" classname="ru.kubsu.telegrambot1.Telegrambot1ApplicationTests" time="0.999"/>
  <system-out><![CDATA[21:50:15.581 [Test worker] INFO org.springframework.test.context.support.AnnotationConfigContextLoaderUtils -- Could not detect default configuration classes for test class [ru.kubsu.telegrambot1.Telegrambot1ApplicationTests]: Telegrambot1ApplicationTests does not declare any static, non-private, non-final, nested classes annotated with @Configuration.
21:50:15.716 [Test worker] INFO org.springframework.boot.test.context.SpringBootTestContextBootstrapper -- Found @SpringBootConfiguration ru.kubsu.telegrambot1.Telegrambot1Application for test class ru.kubsu.telegrambot1.Telegrambot1ApplicationTests

  .   ____          _            __ _ _
 /\\ / ___'_ __ _ _(_)_ __  __ _ \ \ \ \
( ( )\___ | '_ | '_| | '_ \/ _` | \ \ \ \
 \\/  ___)| |_)| | | | | || (_| |  ) ) ) )
  '  |____| .__|_| |_|_| |_\__, | / / / /
 =========|_|==============|___/=/_/_/_/

 :: Spring Boot ::                (v3.4.4)

2025-03-21T21:50:16.196+03:00  INFO 62974 --- [telegrambot1] [    Test worker] r.k.t.Telegrambot1ApplicationTests       : Starting Telegrambot1ApplicationTests using Java 24 with PID 62974 (started by arinausacheva in /home/arinausacheva/github/KubSU-4MM-2025)
2025-03-21T21:50:16.199+03:00  INFO 62974 --- [telegrambot1] [    Test worker] r.k.t.Telegrambot1ApplicationTests       : No active profile set, falling back to 1 default profile: "default"
2025-03-21T21:50:17.469+03:00  INFO 62974 --- [telegrambot1] [    Test worker] r.k.t.Telegrambot1ApplicationTests       : Started Telegrambot1ApplicationTests in 1.603 seconds (process running for 2.83)
]]></system-out>
  <system-err><![CDATA[Mockito is currently self-attaching to enable the inline-mock-maker. This will no longer work in future releases of the JDK. Please add Mockito as an agent to your build what is described in Mockito's documentation: https://javadoc.io/doc/org.mockito/mockito-core/latest/org/mockito/Mockito.html#0.3
WARNING: A Java agent has been loaded dynamically (/home/arinausacheva/.gradle/caches/modules-2/files-2.1/net.bytebuddy/byte-buddy-agent/1.15.11/a38b16385e867f59a641330f0362ebe742788ed8/byte-buddy-agent-1.15.11.jar)
WARNING: If a serviceability tool is in use, please run with -XX:+EnableDynamicAgentLoading to hide this warning
WARNING: If a serviceability tool is not in use, please run with -Djdk.instrument.traceUsage for more information
WARNING: Dynamic loading of agents will be disallowed by default in a future release
]]></system-err>
</testsuite>
